[06/12/26 17:13:09] INFO     Processing request of type            server.py:727
                             CallToolRequest                                    
                    INFO     response:                                lib.rs:444
                             https://en.wikipedia.org/w/api.php?actio           
                             n=opensearch&profile=fuzzy&limit=1&searc           
                             h=current%20population%20of%20Berlin%202           
                             024%202025 200                                     
[06/12/26 17:13:10] INFO     response:                                lib.rs:444
                             https://grokipedia.com/api/typeahead?que           
                             ry=current+population+of+Berlin+2024+202           
                             5&limit=1 200                                      
[06/12/26 17:13:13] INFO     Processing request of type            server.py:727
                             CallToolRequest                                    
[06/12/26 17:13:14] INFO     response:                                lib.rs:444
                             https://en.wikipedia.org/w/api.php?actio           
                             n=opensearch&profile=fuzzy&limit=1&searc           
                             h=current%20population%20of%20Paris%2020           
                             24%202025 200                                      
[06/12/26 17:13:15] INFO     response:                                lib.rs:444
                             https://grokipedia.com/api/typeahead?que           
                             ry=current+population+of+Paris+2024+2025           
                             &limit=1 200                                       
[06/12/26 17:13:16] INFO     Error in engine mojeek:                 ddgs.py:436
                             TimeoutException(TimeoutError('error               
                             sending request for url                            
                             (https://www.mojeek.com/search?q=curren            
                             t+population+of+Berlin+2024+2025) >                
                             operation timed out'))                             
[06/12/26 17:13:16] INFO     response: https://www.startpage.com/ 200 lib.rs:444
                    INFO     response:                                lib.rs:444
                             https://search.brave.com/search?q=curren           
                             t+population+of+Berlin+2024+2025&source=           
                             web 200                                            
[06/12/26 17:13:17] INFO     response:                                lib.rs:444
                             https://www.google.com/search?q=current+           
                             population+of+Berlin+2024+2025&filter=1&           
                             start=0&hl=en-US&lr=lang_en&cr=countryUS           
                              200                                               
[06/12/26 17:13:17] INFO     Processing request of type            server.py:727
                             CallToolRequest                                    
                    INFO     Processing request of type            server.py:727
                             ListToolsRequest                                   
[06/12/26 17:13:17] INFO     response:                                lib.rs:444
                             https://www.startpage.com/sp/search 200            
                    INFO     Processing request of type            server.py:727
                             ListToolsRequest                                   
[06/12/26 17:13:18] INFO     response:                                lib.rs:444
                             https://en.wikipedia.org/w/api.php?actio           
                             n=opensearch&profile=fuzzy&limit=1&searc           
                             h=current%20population%20of%20London%202           
                             024%202025 200                                     
                    INFO     response:                                lib.rs:444
                             https://grokipedia.com/api/typeahead?que           
                             ry=current+population+of+London+2024+202           
                             5&limit=1 200                                      
                    INFO     HTTP Request: POST                  _client.py:1025
                             https://html.duckduckgo.com/html/                  
                             "HTTP/2 202 Accepted"                              
[06/12/26 17:13:19] INFO     response:                                lib.rs:444
                             https://search.brave.com/search?q=curren           
                             t+population+of+London+2024+2025&source=           
                             web 200                                            
                    INFO     Processing request of type            server.py:727
                             ListToolsRequest                                   
[06/12/26 17:13:21] INFO     Processing request of type            server.py:727
                             CallToolRequest                                    
[06/12/26 17:13:29] INFO     Processing request of type            server.py:727
                             CallToolRequest                                    
[06/12/26 17:13:33] INFO     Processing request of type            server.py:727
                             CallToolRequest                                    

══════════════════════════════════════════════════════════════════════════════
session s8-e2b2911a  ─  query: Find the populations of London, Paris, Berlin and tell me which two are closest in size.
══════════════════════════════════════════════════════════════════════════════
[memory.read] 2 hit(s) visible to every skill this run
[n:1] planner            complete (4.3s)
[n:2] researcher         complete (36.5s)
[n:3] researcher         complete (20.4s)
[n:4] researcher         complete (32.3s)
[n:5] formatter          complete (3.8s)

══════════════════════════════════════════════════════════════════════════════
FINAL: Based on current estimates, the populations of the three cities are as follows:

1. London: Approximately 9.8 million (city proper) or 15 million (metropolitan area).
2. Paris: Approximately 2.06 million (city proper) or 11.3 million (metropolitan area).
3. Berlin: Approximately 3.9 million (city proper) or 5.8 million (metropolitan area).

When comparing the populations of the city proper, Berlin (3.9 million) and Paris (2.06 million) are the two closest in size, with a difference of approximately 1.84 million. When comparing metropolitan areas, London (15 million) and Paris (11.3 million) ar
══════════════════════════════════════════════════════════════════════════════

