[06/12/26 17:13:57] INFO     Processing request of type            server.py:727
                             CallToolRequest                                    
[06/12/26 17:13:58] INFO     response:                                lib.rs:444
                             https://en.wikipedia.org/w/api.php?actio           
                             n=opensearch&profile=fuzzy&limit=1&searc           
                             h=current%20population%20and%20annual%20           
                             growth%20rate%20of%20Lagos%202024%202025           
                              200                                               
[06/12/26 17:13:59] INFO     response:                                lib.rs:444
                             https://grokipedia.com/api/typeahead?que           
                             ry=current+population+and+annual+growth+           
                             rate+of+Lagos+2024+2025&limit=1 200                
                    INFO     response:                                lib.rs:444
                             https://search.yahoo.com/search;_ylt=7KL           
                             VcpldJtAwodsOWk2J0mM5;_ylu=JB-AdcdTheEsA           
                             v8AKZ3jAU9qUNAqlSGqcGuHhS2qB0wuNIU?p=cur           
                             rent+population+and+annual+growth+rate+o           
                             f+Lagos+2024+2025 200                              
[06/12/26 17:14:00] INFO     Processing request of type            server.py:727
                             ListToolsRequest                                   
[06/12/26 17:14:01] INFO     Processing request of type            server.py:727
                             CallToolRequest                                    
[06/12/26 17:14:02] INFO     response:                                lib.rs:444
                             https://grokipedia.com/api/typeahead?que           
                             ry=current+population+and+annual+growth+           
                             rate+of+Cairo+2024+2025&limit=1 200                
                    INFO     response:                                lib.rs:444
                             https://en.wikipedia.org/w/api.php?actio           
                             n=opensearch&profile=fuzzy&limit=1&searc           
                             h=current%20population%20and%20annual%20           
                             growth%20rate%20of%20Cairo%202024%202025           
                              200                                               
                    INFO     HTTP Request: POST                  _client.py:1025
                             https://html.duckduckgo.com/html/                  
                             "HTTP/2 202 Accepted"                              
[06/12/26 17:14:03] INFO     response:                                lib.rs:444
                             https://search.brave.com/search?q=curren           
                             t+population+and+annual+growth+rate+of+C           
                             airo+2024+2025&source=web 200                      
                    INFO     Processing request of type            server.py:727
                             ListToolsRequest                                   
[06/12/26 17:14:05] INFO     Processing request of type            server.py:727
                             CallToolRequest                                    
[06/12/26 17:14:06] INFO     response:                                lib.rs:444
                             https://grokipedia.com/api/typeahead?que           
                             ry=current+population+and+annual+growth+           
                             rate+of+Mumbai+2024+2025&limit=1 200               
                    INFO     response:                                lib.rs:444
                             https://en.wikipedia.org/w/api.php?actio           
                             n=opensearch&profile=fuzzy&limit=1&searc           
                             h=current%20population%20and%20annual%20           
                             growth%20rate%20of%20Mumbai%202024%20202           
                             5 200                                              
[06/12/26 17:14:07] INFO     response:                                lib.rs:444
                             https://search.yahoo.com/search;_ylt=O6E           
                             qgQ90b5zWZy3wQNks2JOD;_ylu=oSh21sG02sv3B           
                             -GlwlahtkGXWb3MEyzsozXYrOdDJ_x7oz8?p=cur           
                             rent+population+and+annual+growth+rate+o           
                             f+Mumbai+2024+2025 200                             
                    INFO     Processing request of type            server.py:727
                             ListToolsRequest                                   
[06/12/26 17:14:09] INFO     Processing request of type            server.py:727
                             CallToolRequest                                    
[06/12/26 17:14:14] INFO     Processing request of type            server.py:727
                             CallToolRequest                                    
[06/12/26 17:14:18] INFO     Processing request of type            server.py:727
                             CallToolRequest                                    
[06/12/26 17:14:26] INFO     Processing request of type            server.py:727
                             CallToolRequest                                    
[06/12/26 17:14:46] INFO     Processing request of type            server.py:727
                             CallToolRequest                                    
[06/12/26 17:14:47] INFO     response:                                lib.rs:444
                             https://grokipedia.com/api/typeahead?que           
                             ry=current+population+and+annual+growth+           
                             rate+of+Cairo+2024+2025&limit=1 200                
                    INFO     response:                                lib.rs:444
                             https://en.wikipedia.org/w/api.php?actio           
                             n=opensearch&profile=fuzzy&limit=1&searc           
                             h=current%20population%20and%20annual%20           
                             growth%20rate%20of%20Cairo%202024%202025           
                              200                                               
                    INFO     response:                                lib.rs:444
                             https://search.brave.com/search?q=curren           
                             t+population+and+annual+growth+rate+of+C           
                             airo+2024+2025&source=web 200                      
                    INFO     Processing request of type            server.py:727
                             ListToolsRequest                                   
[06/12/26 17:14:50] INFO     Processing request of type            server.py:727
                             CallToolRequest                                    
[06/12/26 17:14:51] INFO     response:                                lib.rs:444
                             https://en.wikipedia.org/w/api.php?actio           
                             n=opensearch&profile=fuzzy&limit=1&searc           
                             h=current%20population%20and%20annual%20           
                             growth%20rate%20of%20Lagos%202024%202025           
                              200                                               
                    INFO     response:                                lib.rs:444
                             https://grokipedia.com/api/typeahead?que           
                             ry=current+population+and+annual+growth+           
                             rate+of+Lagos+2024+2025&limit=1 200                
                    INFO     response:                                lib.rs:444
                             https://search.yahoo.com/search;_ylt=TAk           
                             cdYeZSz3y42m42T3ZNn-O;_ylu=R-9RfsJmrzY3L           
                             5tIpOoEh13v4ah6TLCklb-dDgaTdDumsWM?p=cur           
                             rent+population+and+annual+growth+rate+o           
                             f+Lagos+2024+2025 200                              
[06/12/26 17:14:52] INFO     HTTP Request: POST                  _client.py:1025
                             https://html.duckduckgo.com/html/                  
                             "HTTP/2 202 Accepted"                              
[06/12/26 17:14:53] INFO     response: https://www.startpage.com/ 200 lib.rs:444
[06/12/26 17:14:54] INFO     response:                                lib.rs:444
                             https://www.startpage.com/sp/search 200            
[06/12/26 17:14:54] INFO     Processing request of type            server.py:727
                             CallToolRequest                                    
                    INFO     Processing request of type            server.py:727
                             ListToolsRequest                                   
[06/12/26 17:14:55] INFO     response:                                lib.rs:444
                             https://en.wikipedia.org/w/api.php?actio           
                             n=opensearch&profile=fuzzy&limit=1&searc           
                             h=current%20population%20and%20annual%20           
                             growth%20rate%20of%20Mumbai%202024%20202           
                             5 200                                              
                    INFO     response:                                lib.rs:444
                             https://grokipedia.com/api/typeahead?que           
                             ry=current+population+and+annual+growth+           
                             rate+of+Mumbai+2024+2025&limit=1 200               
[06/12/26 17:14:56] INFO     response:                                lib.rs:444
                             https://search.brave.com/search?q=curren           
                             t+population+and+annual+growth+rate+of+M           
                             umbai+2024+2025&source=web 200                     
                    INFO     Processing request of type            server.py:727
                             ListToolsRequest                                   
[06/12/26 17:14:58] INFO     Processing request of type            server.py:727
                             CallToolRequest                                    
[06/12/26 17:15:02] INFO     Processing request of type            server.py:727
                             CallToolRequest                                    
[06/12/26 17:15:06] INFO     Processing request of type            server.py:727
                             CallToolRequest                                    

══════════════════════════════════════════════════════════════════════════════
session s8-fdc5e3af  ─  query: Compare the populations of Mumbai, Cairo, and Lagos and identify which is growing fastest. Return structured fields per city.
══════════════════════════════════════════════════════════════════════════════
[memory.read] 3 hit(s) visible to every skill this run
[n:1] planner            complete (4.2s)
[n:2] researcher         complete (36.5s)
[n:3] researcher         complete (40.0s)
[n:4] researcher         complete (28.0s)
[n:5] distiller          complete (4.0s)
[n:7] critic             complete (0.7s)
  ↪ critic-fail recovery: planner node n:8 for n:5
[n:8] planner            complete (3.6s)
[n:9] researcher         complete (36.9s)
[n:10] researcher         complete (28.3s)
[n:11] researcher         complete (32.8s)
[n:12] distiller          complete (3.0s)
[n:14] critic             complete (0.6s)
[n:13] formatter          complete (3.7s)

══════════════════════════════════════════════════════════════════════════════
FINAL: Here is the population comparison for the requested cities. Lagos is currently the fastest-growing city among the three.

| City | Population | Annual Growth Rate |
| :--- | :--- | :--- |
| Mumbai | 21.6 million | 1.77% |
| Cairo | 22.6 million | 1.99% |
| Lagos | 17.8 million | 3.75% - 3.78% |
══════════════════════════════════════════════════════════════════════════════

